TN:
SF:/home/wethinkcode_/Documents/Blockchain/NFT_ERC721/contracts/NFT_collection.sol
FN:18,_msgSender
FN:22,_msgData
FN:246,supportsInterface
FN:266,toString
FN:291,toHexString
FN:307,toHexString
FN:347,isContract
FN:375,sendValue
FN:400,functionCall
FN:410,functionCall
FN:429,functionCallWithValue
FN:443,functionCallWithValue
FN:462,functionStaticCall
FN:472,functionStaticCall
FN:489,functionDelegateCall
FN:499,functionDelegateCall
FN:516,verifyCallResult
FN:629,constructor
FN:637,supportsInterface
FN:647,balanceOf
FN:655,ownerOf
FN:664,name
FN:671,symbol
FN:678,tokenURI
FN:690,_baseURI
FN:697,approve
FN:712,getApproved
FN:721,setApprovalForAll
FN:731,isApprovedForAll
FN:738,transferFrom
FN:752,safeTransferFrom
FN:763,safeTransferFrom
FN:791,_safeTransfer
FN:809,_exists
FN:820,_isApprovedOrOwner
FN:836,_safeMint
FN:844,_safeMint
FN:868,_mint
FN:890,_burn
FN:915,_transfer
FN:940,_approve
FN:955,_checkOnERC721Received
FN:992,_beforeTokenTransfer
FN:1028,supportsInterface
FN:1035,tokenOfOwnerByIndex
FN:1043,totalSupply
FN:1050,tokenByIndex
FN:1070,_beforeTokenTransfer
FN:1094,_addTokenToOwnerEnumeration
FN:1104,_addTokenToAllTokensEnumeration
FN:1117,_removeTokenFromOwnerEnumeration
FN:1142,_removeTokenFromAllTokensEnumeration
FN:1190,constructor
FN:1197,owner
FN:1204,onlyOwner
FN:1216,renounceOwnership
FN:1224,transferOwnership
FN:1229,_setOwner
FN:1247,constructor
FN:1249,_baseURI
FN:1254,mint
FN:1270,walletOfOwner
FN:1284,tokenURI
FN:1303,setmaxMintAmount
FN:1307,setBaseURI
FN:1311,setBaseExtension
FN:1315,pause
FN:1319,withdraw
FNF:68
FNH:0
FNDA:0,_msgSender
FNDA:0,_msgData
FNDA:0,supportsInterface
FNDA:0,toString
FNDA:0,toHexString
FNDA:0,toHexString
FNDA:0,isContract
FNDA:0,sendValue
FNDA:0,functionCall
FNDA:0,functionCall
FNDA:0,functionCallWithValue
FNDA:0,functionCallWithValue
FNDA:0,functionStaticCall
FNDA:0,functionStaticCall
FNDA:0,functionDelegateCall
FNDA:0,functionDelegateCall
FNDA:0,verifyCallResult
FNDA:0,constructor
FNDA:0,supportsInterface
FNDA:0,balanceOf
FNDA:0,ownerOf
FNDA:0,name
FNDA:0,symbol
FNDA:0,tokenURI
FNDA:0,_baseURI
FNDA:0,approve
FNDA:0,getApproved
FNDA:0,setApprovalForAll
FNDA:0,isApprovedForAll
FNDA:0,transferFrom
FNDA:0,safeTransferFrom
FNDA:0,safeTransferFrom
FNDA:0,_safeTransfer
FNDA:0,_exists
FNDA:0,_isApprovedOrOwner
FNDA:0,_safeMint
FNDA:0,_safeMint
FNDA:0,_mint
FNDA:0,_burn
FNDA:0,_transfer
FNDA:0,_approve
FNDA:0,_checkOnERC721Received
FNDA:0,_beforeTokenTransfer
FNDA:0,supportsInterface
FNDA:0,tokenOfOwnerByIndex
FNDA:0,totalSupply
FNDA:0,tokenByIndex
FNDA:0,_beforeTokenTransfer
FNDA:0,_addTokenToOwnerEnumeration
FNDA:0,_addTokenToAllTokensEnumeration
FNDA:0,_removeTokenFromOwnerEnumeration
FNDA:0,_removeTokenFromAllTokensEnumeration
FNDA:0,constructor
FNDA:0,owner
FNDA:0,onlyOwner
FNDA:0,renounceOwnership
FNDA:0,transferOwnership
FNDA:0,_setOwner
FNDA:0,constructor
FNDA:0,_baseURI
FNDA:0,mint
FNDA:0,walletOfOwner
FNDA:0,tokenURI
FNDA:0,setmaxMintAmount
FNDA:0,setBaseURI
FNDA:0,setBaseExtension
FNDA:0,pause
FNDA:0,withdraw
DA:19,0
DA:23,0
DA:247,0
DA:270,0
DA:271,0
DA:273,0
DA:274,0
DA:275,0
DA:276,0
DA:277,0
DA:279,0
DA:280,0
DA:281,0
DA:282,0
DA:283,0
DA:285,0
DA:292,0
DA:293,0
DA:295,0
DA:296,0
DA:297,0
DA:298,0
DA:299,0
DA:301,0
DA:308,0
DA:309,0
DA:310,0
DA:311,0
DA:312,0
DA:313,0
DA:315,0
DA:316,0
DA:352,0
DA:353,0
DA:356,0
DA:376,0
DA:378,0
DA:379,0
DA:401,0
DA:415,0
DA:434,0
DA:449,0
DA:450,0
DA:452,0
DA:453,0
DA:463,0
DA:477,0
DA:479,0
DA:480,0
DA:490,0
DA:504,0
DA:506,0
DA:507,0
DA:521,0
DA:522,0
DA:525,0
DA:528,0
DA:533,0
DA:630,0
DA:631,0
DA:638,0
DA:648,0
DA:649,0
DA:656,0
DA:657,0
DA:658,0
DA:665,0
DA:672,0
DA:679,0
DA:681,0
DA:682,0
DA:691,0
DA:698,0
DA:699,0
DA:701,0
DA:706,0
DA:713,0
DA:715,0
DA:722,0
DA:724,0
DA:725,0
DA:732,0
DA:744,0
DA:746,0
DA:757,0
DA:769,0
DA:770,0
DA:797,0
DA:798,0
DA:810,0
DA:821,0
DA:822,0
DA:823,0
DA:837,0
DA:849,0
DA:850,0
DA:869,0
DA:870,0
DA:872,0
DA:874,0
DA:875,0
DA:877,0
DA:891,0
DA:893,0
DA:896,0
DA:898,0
DA:899,0
DA:901,0
DA:920,0
DA:921,0
DA:923,0
DA:926,0
DA:928,0
DA:929,0
DA:930,0
DA:932,0
DA:941,0
DA:942,0
DA:961,0
DA:962,0
DA:963,0
DA:965,0
DA:966,0
DA:968,0
DA:974,0
DA:1029,0
DA:1036,0
DA:1037,0
DA:1044,0
DA:1051,0
DA:1052,0
DA:1075,0
DA:1077,0
DA:1078,0
DA:1080,0
DA:1082,0
DA:1083,0
DA:1085,0
DA:1095,0
DA:1096,0
DA:1097,0
DA:1105,0
DA:1106,0
DA:1121,0
DA:1122,0
DA:1125,0
DA:1126,0
DA:1128,0
DA:1129,0
DA:1133,0
DA:1134,0
DA:1146,0
DA:1147,0
DA:1152,0
DA:1154,0
DA:1155,0
DA:1158,0
DA:1159,0
DA:1191,0
DA:1198,0
DA:1205,0
DA:1206,0
DA:1217,0
DA:1225,0
DA:1226,0
DA:1230,0
DA:1231,0
DA:1232,0
DA:1250,0
DA:1255,0
DA:1256,0
DA:1257,0
DA:1258,0
DA:1259,0
DA:1261,0
DA:1262,0
DA:1265,0
DA:1266,0
DA:1275,0
DA:1276,0
DA:1277,0
DA:1278,0
DA:1280,0
DA:1290,0
DA:1295,0
DA:1296,0
DA:1304,0
DA:1308,0
DA:1312,0
DA:1316,0
DA:1320,0
LF:191
LH:0
BRDA:270,1,0,0
BRDA:270,1,1,0
BRDA:292,2,0,0
BRDA:292,2,1,0
BRDA:315,3,0,0
BRDA:315,3,1,0
BRDA:376,4,0,0
BRDA:376,4,1,0
BRDA:379,5,0,0
BRDA:379,5,1,0
BRDA:449,6,0,0
BRDA:449,6,1,0
BRDA:450,7,0,0
BRDA:450,7,1,0
BRDA:477,8,0,0
BRDA:477,8,1,0
BRDA:504,9,0,0
BRDA:504,9,1,0
BRDA:521,10,0,0
BRDA:521,10,1,0
BRDA:525,11,0,0
BRDA:525,11,1,0
BRDA:639,12,0,0
BRDA:639,12,1,0
BRDA:639,13,0,0
BRDA:639,13,1,0
BRDA:648,14,0,0
BRDA:648,14,1,0
BRDA:657,15,0,0
BRDA:657,15,1,0
BRDA:679,16,0,0
BRDA:679,16,1,0
BRDA:682,17,0,0
BRDA:682,17,1,0
BRDA:699,18,0,0
BRDA:699,18,1,0
BRDA:701,19,0,0
BRDA:701,19,1,0
BRDA:702,20,0,0
BRDA:702,20,1,0
BRDA:713,21,0,0
BRDA:713,21,1,0
BRDA:722,22,0,0
BRDA:722,22,1,0
BRDA:744,23,0,0
BRDA:744,23,1,0
BRDA:769,24,0,0
BRDA:769,24,1,0
BRDA:798,25,0,0
BRDA:798,25,1,0
BRDA:821,26,0,0
BRDA:821,26,1,0
BRDA:823,27,0,0
BRDA:823,27,1,0
BRDA:823,28,0,0
BRDA:823,28,1,0
BRDA:850,29,0,0
BRDA:850,29,1,0
BRDA:869,30,0,0
BRDA:869,30,1,0
BRDA:870,31,0,0
BRDA:870,31,1,0
BRDA:920,32,0,0
BRDA:920,32,1,0
BRDA:921,33,0,0
BRDA:921,33,1,0
BRDA:961,34,0,0
BRDA:961,34,1,0
BRDA:965,35,0,0
BRDA:965,35,1,0
BRDA:1029,36,0,0
BRDA:1029,36,1,0
BRDA:1036,37,0,0
BRDA:1036,37,1,0
BRDA:1051,38,0,0
BRDA:1051,38,1,0
BRDA:1077,39,0,0
BRDA:1077,39,1,0
BRDA:1079,40,0,0
BRDA:1079,40,1,0
BRDA:1082,41,0,0
BRDA:1082,41,1,0
BRDA:1084,42,0,0
BRDA:1084,42,1,0
BRDA:1125,43,0,0
BRDA:1125,43,1,0
BRDA:1205,44,0,0
BRDA:1205,44,1,0
BRDA:1216,45,0,0
BRDA:1216,45,1,0
BRDA:1224,46,0,0
BRDA:1224,46,1,0
BRDA:1225,47,0,0
BRDA:1225,47,1,0
BRDA:1256,48,0,0
BRDA:1256,48,1,0
BRDA:1257,49,0,0
BRDA:1257,49,1,0
BRDA:1258,50,0,0
BRDA:1258,50,1,0
BRDA:1259,51,0,0
BRDA:1259,51,1,0
BRDA:1261,52,0,0
BRDA:1261,52,1,0
BRDA:1262,53,0,0
BRDA:1262,53,1,0
BRDA:1290,54,0,0
BRDA:1290,54,1,0
BRDA:1298,55,0,0
BRDA:1298,55,1,0
BRDA:1303,56,0,0
BRDA:1303,56,1,0
BRDA:1307,57,0,0
BRDA:1307,57,1,0
BRDA:1311,58,0,0
BRDA:1311,58,1,0
BRDA:1315,59,0,0
BRDA:1315,59,1,0
BRDA:1319,60,0,0
BRDA:1319,60,1,0
BRDA:1320,61,0,0
BRDA:1320,61,1,0
BRF:122
BRH:0
end_of_record
TN:
SF:/home/wethinkcode_/Documents/Blockchain/NFT_ERC721/contracts/NFT_contract.sol
FN:212,supportsInterface
FN:232,toString
FN:257,toHexString
FN:273,toHexString
FN:313,isContract
FN:341,sendValue
FN:366,functionCall
FN:376,functionCall
FN:395,functionCallWithValue
FN:409,functionCallWithValue
FN:428,functionStaticCall
FN:438,functionStaticCall
FN:455,functionDelegateCall
FN:465,functionDelegateCall
FN:482,verifyCallResult
FN:575,_msgSender
FN:579,_msgData
FN:617,constructor
FN:625,supportsInterface
FN:635,balanceOf
FN:643,ownerOf
FN:652,name
FN:659,symbol
FN:666,tokenURI
FN:678,_baseURI
FN:685,approve
FN:700,getApproved
FN:709,setApprovalForAll
FN:719,isApprovedForAll
FN:726,transferFrom
FN:740,safeTransferFrom
FN:751,safeTransferFrom
FN:779,_safeTransfer
FN:797,_exists
FN:808,_isApprovedOrOwner
FN:824,_safeMint
FN:832,_safeMint
FN:856,_mint
FN:878,_burn
FN:903,_transfer
FN:928,_approve
FN:943,_checkOnERC721Received
FN:980,_beforeTokenTransfer
FN:1016,supportsInterface
FN:1023,tokenOfOwnerByIndex
FN:1031,totalSupply
FN:1038,tokenByIndex
FN:1058,_beforeTokenTransfer
FN:1082,_addTokenToOwnerEnumeration
FN:1092,_addTokenToAllTokensEnumeration
FN:1105,_removeTokenFromOwnerEnumeration
FN:1130,_removeTokenFromAllTokensEnumeration
FN:1174,constructor
FN:1181,owner
FN:1188,onlyOwner
FN:1200,renounceOwnership
FN:1208,transferOwnership
FN:1213,_setOwner
FN:1239,constructor
FN:1245,_baseURI
FN:1250,mint
FN:1267,walletOfOwner
FN:1278,tokenURI
FN:1296,reveal
FN:1301,setCost
FN:1306,setmaxMintAmount
FN:1311,setNotRevealedURI
FN:1316,setBaseURI
FN:1321,setBaseExtension
FN:1326,pause
FN:1331,withdraw
FNF:71
FNH:35
FNDA:0,supportsInterface
FNDA:0,toString
FNDA:0,toHexString
FNDA:0,toHexString
FNDA:25,isContract
FNDA:0,sendValue
FNDA:0,functionCall
FNDA:0,functionCall
FNDA:0,functionCallWithValue
FNDA:0,functionCallWithValue
FNDA:0,functionStaticCall
FNDA:0,functionStaticCall
FNDA:0,functionDelegateCall
FNDA:0,functionDelegateCall
FNDA:0,verifyCallResult
FNDA:61,_msgSender
FNDA:0,_msgData
FNDA:17,constructor
FNDA:0,supportsInterface
FNDA:51,balanceOf
FNDA:3,ownerOf
FNDA:0,name
FNDA:0,symbol
FNDA:0,tokenURI
FNDA:0,_baseURI
FNDA:0,approve
FNDA:0,getApproved
FNDA:0,setApprovalForAll
FNDA:0,isApprovedForAll
FNDA:1,transferFrom
FNDA:0,safeTransferFrom
FNDA:0,safeTransferFrom
FNDA:0,_safeTransfer
FNDA:26,_exists
FNDA:1,_isApprovedOrOwner
FNDA:25,_safeMint
FNDA:25,_safeMint
FNDA:25,_mint
FNDA:0,_burn
FNDA:1,_transfer
FNDA:1,_approve
FNDA:25,_checkOnERC721Received
FNDA:26,_beforeTokenTransfer
FNDA:0,supportsInterface
FNDA:15,tokenOfOwnerByIndex
FNDA:12,totalSupply
FNDA:0,tokenByIndex
FNDA:26,_beforeTokenTransfer
FNDA:26,_addTokenToOwnerEnumeration
FNDA:25,_addTokenToAllTokensEnumeration
FNDA:1,_removeTokenFromOwnerEnumeration
FNDA:0,_removeTokenFromAllTokensEnumeration
FNDA:17,constructor
FNDA:52,owner
FNDA:43,onlyOwner
FNDA:0,renounceOwnership
FNDA:0,transferOwnership
FNDA:17,_setOwner
FNDA:17,constructor
FNDA:0,_baseURI
FNDA:10,mint
FNDA:7,walletOfOwner
FNDA:0,tokenURI
FNDA:0,reveal
FNDA:1,setCost
FNDA:1,setmaxMintAmount
FNDA:17,setNotRevealedURI
FNDA:17,setBaseURI
FNDA:1,setBaseExtension
FNDA:1,pause
FNDA:1,withdraw
DA:213,0
DA:236,0
DA:237,0
DA:239,0
DA:240,0
DA:241,0
DA:242,0
DA:243,0
DA:245,0
DA:246,0
DA:247,0
DA:248,0
DA:249,0
DA:251,0
DA:258,0
DA:259,0
DA:261,0
DA:262,0
DA:263,0
DA:264,0
DA:265,0
DA:267,0
DA:274,0
DA:275,0
DA:276,0
DA:277,0
DA:278,0
DA:279,0
DA:281,0
DA:282,0
DA:318,25
DA:319,25
DA:322,25
DA:342,0
DA:344,0
DA:345,0
DA:367,0
DA:381,0
DA:400,0
DA:415,0
DA:416,0
DA:418,0
DA:419,0
DA:429,0
DA:443,0
DA:445,0
DA:446,0
DA:456,0
DA:470,0
DA:472,0
DA:473,0
DA:487,0
DA:488,0
DA:491,0
DA:494,0
DA:499,0
DA:576,61
DA:580,0
DA:618,17
DA:619,17
DA:626,0
DA:636,51
DA:637,51
DA:644,3
DA:645,3
DA:646,3
DA:653,0
DA:660,0
DA:667,0
DA:669,0
DA:670,0
DA:679,0
DA:686,0
DA:687,0
DA:689,0
DA:694,0
DA:701,0
DA:703,0
DA:710,0
DA:712,0
DA:713,0
DA:720,0
DA:732,1
DA:734,1
DA:745,0
DA:757,0
DA:758,0
DA:785,0
DA:786,0
DA:798,26
DA:809,1
DA:810,1
DA:811,1
DA:825,25
DA:837,25
DA:838,25
DA:857,25
DA:858,25
DA:860,25
DA:862,25
DA:863,25
DA:865,25
DA:879,0
DA:881,0
DA:884,0
DA:886,0
DA:887,0
DA:889,0
DA:908,1
DA:909,1
DA:911,1
DA:914,1
DA:916,1
DA:917,1
DA:918,1
DA:920,1
DA:929,1
DA:930,1
DA:949,25
DA:950,0
DA:951,0
DA:953,0
DA:954,0
DA:956,0
DA:962,25
DA:1017,0
DA:1024,15
DA:1025,15
DA:1032,12
DA:1039,0
DA:1040,0
DA:1063,26
DA:1065,26
DA:1066,25
DA:1068,1
DA:1070,26
DA:1071,0
DA:1073,26
DA:1083,26
DA:1084,26
DA:1085,26
DA:1093,25
DA:1094,25
DA:1109,1
DA:1110,1
DA:1113,1
DA:1114,1
DA:1116,1
DA:1117,1
DA:1121,1
DA:1122,1
DA:1134,0
DA:1135,0
DA:1140,0
DA:1142,0
DA:1143,0
DA:1146,0
DA:1147,0
DA:1175,17
DA:1182,52
DA:1189,43
DA:1190,39
DA:1201,0
DA:1209,0
DA:1210,0
DA:1214,17
DA:1215,17
DA:1216,17
DA:1240,17
DA:1241,17
DA:1246,0
DA:1251,10
DA:1252,10
DA:1253,9
DA:1254,9
DA:1255,8
DA:1257,8
DA:1258,7
DA:1261,7
DA:1262,25
DA:1269,7
DA:1270,7
DA:1271,7
DA:1272,15
DA:1274,7
DA:1280,0
DA:1285,0
DA:1286,0
DA:1289,0
DA:1290,0
DA:1297,0
DA:1302,1
DA:1307,1
DA:1312,17
DA:1317,17
DA:1322,1
DA:1327,1
DA:1336,1
DA:1337,1
LF:199
LH:91
BRDA:236,1,0,0
BRDA:236,1,1,0
BRDA:258,2,0,0
BRDA:258,2,1,0
BRDA:281,3,0,0
BRDA:281,3,1,0
BRDA:342,4,0,0
BRDA:342,4,1,0
BRDA:345,5,0,0
BRDA:345,5,1,0
BRDA:415,6,0,0
BRDA:415,6,1,0
BRDA:416,7,0,0
BRDA:416,7,1,0
BRDA:443,8,0,0
BRDA:443,8,1,0
BRDA:470,9,0,0
BRDA:470,9,1,0
BRDA:487,10,0,0
BRDA:487,10,1,0
BRDA:491,11,0,0
BRDA:491,11,1,0
BRDA:627,12,0,0
BRDA:627,12,1,0
BRDA:627,13,0,0
BRDA:627,13,1,0
BRDA:636,14,0,51
BRDA:636,14,1,0
BRDA:645,15,0,3
BRDA:645,15,1,0
BRDA:667,16,0,0
BRDA:667,16,1,0
BRDA:670,17,0,0
BRDA:670,17,1,0
BRDA:687,18,0,0
BRDA:687,18,1,0
BRDA:689,19,0,0
BRDA:689,19,1,0
BRDA:690,20,0,0
BRDA:690,20,1,0
BRDA:701,21,0,0
BRDA:701,21,1,0
BRDA:710,22,0,0
BRDA:710,22,1,0
BRDA:732,23,0,1
BRDA:732,23,1,0
BRDA:757,24,0,0
BRDA:757,24,1,0
BRDA:786,25,0,0
BRDA:786,25,1,0
BRDA:809,26,0,1
BRDA:809,26,1,0
BRDA:811,27,0,1
BRDA:811,27,1,0
BRDA:811,28,0,0
BRDA:811,28,1,0
BRDA:838,29,0,25
BRDA:838,29,1,0
BRDA:857,30,0,25
BRDA:857,30,1,0
BRDA:858,31,0,25
BRDA:858,31,1,0
BRDA:908,32,0,1
BRDA:908,32,1,0
BRDA:909,33,0,1
BRDA:909,33,1,0
BRDA:949,34,0,0
BRDA:949,34,1,25
BRDA:953,35,0,0
BRDA:953,35,1,0
BRDA:1017,36,0,0
BRDA:1017,36,1,0
BRDA:1024,37,0,15
BRDA:1024,37,1,0
BRDA:1039,38,0,0
BRDA:1039,38,1,0
BRDA:1065,39,0,25
BRDA:1065,39,1,1
BRDA:1067,40,0,1
BRDA:1067,40,1,0
BRDA:1070,41,0,0
BRDA:1070,41,1,26
BRDA:1072,42,0,26
BRDA:1072,42,1,0
BRDA:1113,43,0,1
BRDA:1113,43,1,0
BRDA:1189,44,0,39
BRDA:1189,44,1,4
BRDA:1200,45,0,0
BRDA:1200,45,1,0
BRDA:1208,46,0,0
BRDA:1208,46,1,0
BRDA:1209,47,0,0
BRDA:1209,47,1,0
BRDA:1252,48,0,9
BRDA:1252,48,1,1
BRDA:1253,49,0,9
BRDA:1253,49,1,0
BRDA:1254,50,0,8
BRDA:1254,50,1,1
BRDA:1255,51,0,8
BRDA:1255,51,1,0
BRDA:1257,52,0,7
BRDA:1257,52,1,1
BRDA:1258,53,0,6
BRDA:1258,53,1,1
BRDA:1280,54,0,0
BRDA:1280,54,1,0
BRDA:1285,55,0,0
BRDA:1285,55,1,0
BRDA:1291,56,0,0
BRDA:1291,56,1,0
BRDA:1296,57,0,0
BRDA:1296,57,1,0
BRDA:1301,58,0,1
BRDA:1301,58,1,1
BRDA:1306,59,0,1
BRDA:1306,59,1,1
BRDA:1311,60,0,17
BRDA:1311,60,1,0
BRDA:1316,61,0,17
BRDA:1316,61,1,0
BRDA:1321,62,0,1
BRDA:1321,62,1,1
BRDA:1326,63,0,1
BRDA:1326,63,1,0
BRDA:1331,64,0,1
BRDA:1331,64,1,1
BRDA:1337,65,0,1
BRDA:1337,65,1,0
BRF:130
BRH:42
end_of_record
